
=== Tue May 12 12:25:56 2020

Packages were changed.
Update Mode: updateDependencies

The following packages were added:
  com.unity.2d.tilemap@1.0.0
  com.unity.collab-proxy@1.2.16
  com.unity.test-framework@1.1.11
  com.unity.timeline@1.2.10
  com.unity.2d.sprite@1.0.0
  com.unity.ide.vscode@1.1.4
  com.unity.ide.rider@1.1.4
  com.unity.ugui@1.0.0
  com.unity.xr.legacyinputhelpers@1.3.8
  com.unity.modules.androidjni@1.0.0
  com.unity.multiplayer-hlapi@1.0.4
The following packages were updated:
  com.unity.analytics from version 2.0.16 to 3.3.5
  com.unity.purchasing from version 2.0.3 to 2.0.6
  com.unity.textmeshpro from version 1.2.4 to 2.0.1
The following packages were removed:
  com.unity.package-manager-ui@1.9.11

=== Fri May 15 09:45:56 2020

Packages were changed.
Update Mode: updateDependencies

The following packages were updated:
  com.unity.timeline from version 1.1.0 to 1.2.10
  com.unity.xr.management from version 3.0.3 to 3.0.5

=== Wed Jul  8 16:52:38 2020

Packages were changed.
Update Mode: updateDependencies

The following packages were updated:
  com.unity.xr.legacyinputhelpers from version 1.3.8 to 1.3.11
  com.unity.xr.management from version 3.0.5 to 3.0.6

=== Wed Nov 11 13:44:03 2020

Packages were changed.
Update Mode: updateDependencies

The following packages were added:
  com.unity.ide.visualstudio@2.0.3
The following packages were updated:
  com.unity.analytics from version 3.3.5 to 3.5.3
  com.unity.collab-proxy from version 1.2.16 to 1.3.9
  com.unity.ide.rider from version 1.1.4 to 1.2.1
  com.unity.ide.vscode from version 1.1.4 to 1.2.3
  com.unity.multiplayer-hlapi from version 1.0.4 to 1.0.6
  com.unity.purchasing from version 2.0.6 to 2.1.1
  com.unity.test-framework from version 1.1.11 to 1.1.18
  com.unity.textmeshpro from version 2.0.1 to 3.0.1
  com.unity.xr.management from version 3.2.15 to 3.2.16

=== Wed Feb 10 12:43:39 2021

Packages were changed.
Update Mode: updateDependencies

The following packages were updated:
  com.unity.ide.rider from version 1.2.1 to 3.0.3
  com.unity.ide.visualstudio from version 2.0.3 to 2.0.5
  com.unity.purchasing from version 2.1.1 to 3.0.0-pre.4
  com.unity.test-framework from version 1.1.18 to 1.1.19
  com.unity.textmeshpro from version 3.0.1 to 3.0.3
  com.unity.timeline from version 1.2.10 to 1.5.1-pre.3
  com.unity.xr.arcore from version 3.1.10 to 4.1.3
  com.unity.xr.arfoundation from version 3.1.10 to 4.1.3
  com.unity.xr.arkit from version 3.1.10 to 4.1.3
  com.unity.xr.management from version 3.2.16 to 3.2.17
